0 verbose cli C:\Program Files\nodejs\node.exe C:\Program Files\nodejs\node_modules\npm\bin\npm-cli.js
1 info using npm@11.6.1
2 info using node@v24.11.0
3 silly config load:file:C:\Program Files\nodejs\node_modules\npm\npmrc
4 silly config load:file:C:\Users\makak\.npmrc
5 silly config load:file:C:\Users\makak\AppData\Roaming\npm\etc\npmrc
6 verbose title npm cache verify
7 verbose argv "cache" "verify"
8 verbose logfile logs-max:10 dir:C:\Users\makak\AppData\Local\npm-cache\_logs\2025-12-15T17_54_47_111Z-
9 verbose logfile C:\Users\makak\AppData\Local\npm-cache\_logs\2025-12-15T17_54_47_111Z-debug-0.log
10 silly logfile start cleaning logs, removing 1 files
11 silly logfile done cleaning log files
12 http fetch GET 200 https://registry.npmjs.org/npm 559ms
13 verbose cwd C:\Users\makak
14 verbose os Windows_NT 10.0.19045
15 verbose node v24.11.0
16 verbose npm  v11.6.1
17 notice
17 notice New [33mminor[39m version of npm available! [33m11.6.1[39m -> [34m11.7.0[39m
17 notice Changelog: [34mhttps://github.com/npm/cli/releases/tag/v11.7.0[39m
17 notice To update run: [4mnpm install -g npm@11.7.0[24m
17 notice  { force: true, Symbol(proc-log.meta): true }
18 verbose exit 0
19 info ok
